<?xml version="1.0" encoding="UTF-8"?>
<!-- Generated by org.testng.reporters.JUnitReportReporter -->
<testsuite hostname="DESKTOP-NI2O2K0" failures="0" tests="1" name="Varifyannotions" time="0.016" errors="0" timestamp="2022-11-17T22:22:37 IST" skipped="0">
  <testcase classname="Varifyannotions" name="Testcase0" time="0.016"/>
  <system-out/>
</testsuite> <!-- Varifyannotions -->
