<?xml version="1.0" encoding="UTF-8"?>
<!-- Generated by org.testng.reporters.JUnitReportReporter -->
<testsuite hostname="DESKTOP-NI2O2K0" failures="0" tests="1" name="Cross" time="49.328" errors="0" timestamp="2023-02-09T01:48:44 IST" skipped="0">
  <testcase classname="Cross" name="VarifyTitle" time="49.328"/>
  <system-out/>
</testsuite> <!-- Cross -->
